[rosmaster.main][INFO] 2024-05-21 16:31:48,362: initialization complete, waiting for shutdown
[rosmaster.main][INFO] 2024-05-21 16:31:48,362: Starting ROS Master Node
[xmlrpc][INFO] 2024-05-21 16:31:48,363: XML-RPC server binding to 0.0.0.0:11311
[xmlrpc][INFO] 2024-05-21 16:31:48,364: Started XML-RPC server [http://rosh-a515:11311/]
[xmlrpc][INFO] 2024-05-21 16:31:48,364: xml rpc node: starting XML-RPC server
[rosmaster.master][INFO] 2024-05-21 16:31:48,364: Master initialized: port[11311], uri[http://rosh-a515:11311/]
[rosmaster.master][INFO] 2024-05-21 16:31:48,449: +PARAM [/run_id] by /roslaunch
[rosmaster.master][INFO] 2024-05-21 16:31:48,451: +PARAM [/roslaunch/uris/host_rosh_a515__41317] by /roslaunch
[rosmaster.master][INFO] 2024-05-21 16:31:48,662: +PARAM [/rosversion] by /roslaunch
[rosmaster.master][INFO] 2024-05-21 16:31:48,663: +PARAM [/rosdistro] by /roslaunch
[rosmaster.master][INFO] 2024-05-21 16:31:48,678: +SERVICE [/rosout/get_loggers] /rosout http://rosh-a515:43123/
[rosmaster.master][INFO] 2024-05-21 16:31:48,679: +SERVICE [/rosout/set_logger_level] /rosout http://rosh-a515:43123/
[rosmaster.master][INFO] 2024-05-21 16:31:48,680: +PUB [/rosout_agg] /rosout http://rosh-a515:43123/
[rosmaster.master][INFO] 2024-05-21 16:31:48,683: +SUB [/rosout] /rosout http://rosh-a515:43123/
[rosmaster.master][INFO] 2024-05-21 16:31:48,696: +PUB [/rosout] /cb_logger http://rosh-a515:35803/
[rosmaster.master][INFO] 2024-05-21 16:31:48,697: +SERVICE [/cb_logger/get_loggers] /cb_logger http://rosh-a515:35803/
[rosmaster.master][INFO] 2024-05-21 16:31:48,697: +SERVICE [/cb_logger/set_logger_level] /cb_logger http://rosh-a515:35803/
[rosmaster.master][INFO] 2024-05-21 16:31:48,699: +CACHEDPARAM [/rosout_disable_topics_generation] by /cb_logger
[rosmaster.master][INFO] 2024-05-21 16:31:48,711: +PUB [/rosout] /cb_logger2 http://rosh-a515:34279/
[rosmaster.master][INFO] 2024-05-21 16:31:48,712: +SERVICE [/cb_logger2/get_loggers] /cb_logger2 http://rosh-a515:34279/
[rosmaster.master][INFO] 2024-05-21 16:31:48,713: +SERVICE [/cb_logger2/set_logger_level] /cb_logger2 http://rosh-a515:34279/
[rosmaster.master][INFO] 2024-05-21 16:31:48,714: +CACHEDPARAM [/rosout_disable_topics_generation] by /cb_logger2
[rosmaster.master][INFO] 2024-05-21 16:31:48,763: publisherUpdate[/rosout] -> http://rosh-a515:43123/ ['http://rosh-a515:35803/']
[rosmaster.master][INFO] 2024-05-21 16:31:48,775: publisherUpdate[/rosout] -> http://rosh-a515:43123/ ['http://rosh-a515:35803/']: sec=0.01, result=[1, '', 0]
[rosmaster.master][INFO] 2024-05-21 16:31:48,775: publisherUpdate[/rosout] -> http://rosh-a515:43123/ ['http://rosh-a515:35803/', 'http://rosh-a515:34279/']
[rosmaster.master][INFO] 2024-05-21 16:31:48,779: publisherUpdate[/rosout] -> http://rosh-a515:43123/ ['http://rosh-a515:35803/', 'http://rosh-a515:34279/']: sec=0.00, result=[1, '', 0]
[rosmaster.master][INFO] 2024-05-21 16:31:50,383: +CACHEDPARAM [/rosout/omit_topics] by /rosout
[rosmaster.master][INFO] 2024-05-21 16:31:53,193: -PUB [/rosout] /cb_logger http://rosh-a515:35803/
[rosmaster.master][INFO] 2024-05-21 16:31:53,193: -PUB [/rosout] /cb_logger2 http://rosh-a515:34279/
[rosmaster.master][INFO] 2024-05-21 16:31:53,194: -SERVICE [/cb_logger/get_loggers] /cb_logger rosrpc://rosh-a515:49323
[rosmaster.master][INFO] 2024-05-21 16:31:53,195: -SERVICE [/cb_logger2/get_loggers] /cb_logger2 rosrpc://rosh-a515:40843
[rosmaster.master][INFO] 2024-05-21 16:31:53,195: -SERVICE [/cb_logger/set_logger_level] /cb_logger rosrpc://rosh-a515:49323
[rosmaster.master][INFO] 2024-05-21 16:31:53,196: -SERVICE [/cb_logger2/set_logger_level] /cb_logger2 rosrpc://rosh-a515:40843
[rosmaster.master][INFO] 2024-05-21 16:31:53,197: -CACHEDPARAM [/rosout_disable_topics_generation] by /cb_logger
[rosmaster.master][INFO] 2024-05-21 16:31:53,197: -CACHEDPARAM [/rosout_disable_topics_generation] by /cb_logger2
[rosmaster.master][INFO] 2024-05-21 16:31:53,271: publisherUpdate[/rosout] -> http://rosh-a515:43123/ ['http://rosh-a515:34279/']
[rosmaster.master][INFO] 2024-05-21 16:31:53,282: publisherUpdate[/rosout] -> http://rosh-a515:43123/ ['http://rosh-a515:34279/']: sec=0.01, result=[1, '', 0]
[rosmaster.master][INFO] 2024-05-21 16:31:53,282: publisherUpdate[/rosout] -> http://rosh-a515:43123/ []
[rosmaster.master][INFO] 2024-05-21 16:31:53,283: publisherUpdate[/rosout] -> http://rosh-a515:43123/ []: sec=0.00, result=[1, '', 0]
[rosmaster.master][INFO] 2024-05-21 16:31:54,986: -PUB [/rosout_agg] /rosout http://rosh-a515:43123/
[rosmaster.master][INFO] 2024-05-21 16:31:54,986: -SUB [/rosout] /rosout http://rosh-a515:43123/
[rosmaster.master][INFO] 2024-05-21 16:31:54,987: -SERVICE [/rosout/get_loggers] /rosout rosrpc://rosh-a515:59405
[rosmaster.master][INFO] 2024-05-21 16:31:54,988: -SERVICE [/rosout/set_logger_level] /rosout rosrpc://rosh-a515:59405
[rosmaster.master][INFO] 2024-05-21 16:31:54,989: -CACHEDPARAM [/rosout/omit_topics] by /rosout
[rosmaster.main][INFO] 2024-05-21 16:31:55,027: keyboard interrupt, will exit
[rosmaster.main][INFO] 2024-05-21 16:31:55,027: stopping master...
[rospy.core][INFO] 2024-05-21 16:31:55,027: signal_shutdown [atexit]
