[rosmaster.main][INFO] 2024-05-21 15:03:35,599: initialization complete, waiting for shutdown
[rosmaster.main][INFO] 2024-05-21 15:03:35,599: Starting ROS Master Node
[xmlrpc][INFO] 2024-05-21 15:03:35,600: XML-RPC server binding to 0.0.0.0:11311
[xmlrpc][INFO] 2024-05-21 15:03:35,601: Started XML-RPC server [http://rosh-a515:11311/]
[rosmaster.master][INFO] 2024-05-21 15:03:35,601: Master initialized: port[11311], uri[http://rosh-a515:11311/]
[xmlrpc][INFO] 2024-05-21 15:03:35,601: xml rpc node: starting XML-RPC server
[rosmaster.master][INFO] 2024-05-21 15:03:35,690: +PARAM [/run_id] by /roslaunch
[rosmaster.master][INFO] 2024-05-21 15:03:35,691: +PARAM [/roslaunch/uris/host_rosh_a515__45545] by /roslaunch
[rosmaster.master][INFO] 2024-05-21 15:03:35,881: +PARAM [/rosversion] by /roslaunch
[rosmaster.master][INFO] 2024-05-21 15:03:35,882: +PARAM [/rosdistro] by /roslaunch
[rosmaster.master][INFO] 2024-05-21 15:03:35,898: +SERVICE [/rosout/get_loggers] /rosout http://rosh-a515:37465/
[rosmaster.master][INFO] 2024-05-21 15:03:35,899: +SERVICE [/rosout/set_logger_level] /rosout http://rosh-a515:37465/
[rosmaster.master][INFO] 2024-05-21 15:03:35,901: +PUB [/rosout_agg] /rosout http://rosh-a515:37465/
[rosmaster.master][INFO] 2024-05-21 15:03:35,906: +SUB [/rosout] /rosout http://rosh-a515:37465/
[rosmaster.master][INFO] 2024-05-21 15:03:35,918: +PUB [/rosout] /cb_logger http://rosh-a515:44305/
[rosmaster.master][INFO] 2024-05-21 15:03:35,919: +SERVICE [/cb_logger/get_loggers] /cb_logger http://rosh-a515:44305/
[rosmaster.master][INFO] 2024-05-21 15:03:35,920: +SERVICE [/cb_logger/set_logger_level] /cb_logger http://rosh-a515:44305/
[rosmaster.master][INFO] 2024-05-21 15:03:35,922: +CACHEDPARAM [/rosout_disable_topics_generation] by /cb_logger
[rosmaster.master][INFO] 2024-05-21 15:03:35,933: +PUB [/rosout] /cb_logger2 http://rosh-a515:35227/
[rosmaster.master][INFO] 2024-05-21 15:03:35,934: +SERVICE [/cb_logger2/get_loggers] /cb_logger2 http://rosh-a515:35227/
[rosmaster.master][INFO] 2024-05-21 15:03:35,935: +SERVICE [/cb_logger2/set_logger_level] /cb_logger2 http://rosh-a515:35227/
[rosmaster.master][INFO] 2024-05-21 15:03:35,937: +CACHEDPARAM [/rosout_disable_topics_generation] by /cb_logger2
[rosmaster.master][INFO] 2024-05-21 15:03:36,000: publisherUpdate[/rosout] -> http://rosh-a515:37465/ ['http://rosh-a515:44305/']
[rosmaster.master][INFO] 2024-05-21 15:03:36,016: publisherUpdate[/rosout] -> http://rosh-a515:37465/ ['http://rosh-a515:44305/']: sec=0.02, result=[1, '', 0]
[rosmaster.master][INFO] 2024-05-21 15:03:36,016: publisherUpdate[/rosout] -> http://rosh-a515:37465/ ['http://rosh-a515:44305/', 'http://rosh-a515:35227/']
[rosmaster.master][INFO] 2024-05-21 15:03:36,034: publisherUpdate[/rosout] -> http://rosh-a515:37465/ ['http://rosh-a515:44305/', 'http://rosh-a515:35227/']: sec=0.02, result=[1, '', 0]
[rosmaster.master][INFO] 2024-05-21 15:03:37,605: +CACHEDPARAM [/rosout/omit_topics] by /rosout
[rosmaster.master][INFO] 2024-05-21 15:03:41,954: -PUB [/rosout] /cb_logger http://rosh-a515:44305/
[rosmaster.master][INFO] 2024-05-21 15:03:41,955: -PUB [/rosout] /cb_logger2 http://rosh-a515:35227/
[rosmaster.master][INFO] 2024-05-21 15:03:41,956: -SERVICE [/cb_logger2/get_loggers] /cb_logger2 rosrpc://rosh-a515:48127
[rosmaster.master][INFO] 2024-05-21 15:03:41,957: -SERVICE [/cb_logger/get_loggers] /cb_logger rosrpc://rosh-a515:35407
[rosmaster.master][INFO] 2024-05-21 15:03:41,958: -SERVICE [/cb_logger2/set_logger_level] /cb_logger2 rosrpc://rosh-a515:48127
[rosmaster.master][INFO] 2024-05-21 15:03:41,958: -SERVICE [/cb_logger/set_logger_level] /cb_logger rosrpc://rosh-a515:35407
[rosmaster.master][INFO] 2024-05-21 15:03:41,959: -CACHEDPARAM [/rosout_disable_topics_generation] by /cb_logger2
[rosmaster.master][INFO] 2024-05-21 15:03:41,959: -CACHEDPARAM [/rosout_disable_topics_generation] by /cb_logger
[rosmaster.master][INFO] 2024-05-21 15:03:42,012: publisherUpdate[/rosout] -> http://rosh-a515:37465/ ['http://rosh-a515:35227/']
[rosmaster.master][INFO] 2024-05-21 15:03:42,019: publisherUpdate[/rosout] -> http://rosh-a515:37465/ ['http://rosh-a515:35227/']: sec=0.01, result=[1, '', 0]
[rosmaster.master][INFO] 2024-05-21 15:03:42,019: publisherUpdate[/rosout] -> http://rosh-a515:37465/ []
[rosmaster.master][INFO] 2024-05-21 15:03:42,020: publisherUpdate[/rosout] -> http://rosh-a515:37465/ []: sec=0.00, result=[1, '', 0]
[rosmaster.master][INFO] 2024-05-21 15:03:44,124: -PUB [/rosout_agg] /rosout http://rosh-a515:37465/
[rosmaster.master][INFO] 2024-05-21 15:03:44,125: -SUB [/rosout] /rosout http://rosh-a515:37465/
[rosmaster.master][INFO] 2024-05-21 15:03:44,126: -SERVICE [/rosout/get_loggers] /rosout rosrpc://rosh-a515:46297
[rosmaster.master][INFO] 2024-05-21 15:03:44,127: -SERVICE [/rosout/set_logger_level] /rosout rosrpc://rosh-a515:46297
[rosmaster.master][INFO] 2024-05-21 15:03:44,127: -CACHEDPARAM [/rosout/omit_topics] by /rosout
[rosmaster.main][INFO] 2024-05-21 15:03:44,188: keyboard interrupt, will exit
[rosmaster.main][INFO] 2024-05-21 15:03:44,188: stopping master...
[rospy.core][INFO] 2024-05-21 15:03:44,189: signal_shutdown [atexit]
