[rosmaster.main][INFO] 2024-05-21 15:05:09,046: initialization complete, waiting for shutdown
[rosmaster.main][INFO] 2024-05-21 15:05:09,046: Starting ROS Master Node
[xmlrpc][INFO] 2024-05-21 15:05:09,047: XML-RPC server binding to 0.0.0.0:11311
[xmlrpc][INFO] 2024-05-21 15:05:09,048: Started XML-RPC server [http://rosh-a515:11311/]
[xmlrpc][INFO] 2024-05-21 15:05:09,048: xml rpc node: starting XML-RPC server
[rosmaster.master][INFO] 2024-05-21 15:05:09,048: Master initialized: port[11311], uri[http://rosh-a515:11311/]
[rosmaster.master][INFO] 2024-05-21 15:05:09,141: +PARAM [/run_id] by /roslaunch
[rosmaster.master][INFO] 2024-05-21 15:05:09,143: +PARAM [/roslaunch/uris/host_rosh_a515__41215] by /roslaunch
[rosmaster.master][INFO] 2024-05-21 15:05:09,333: +PARAM [/rosversion] by /roslaunch
[rosmaster.master][INFO] 2024-05-21 15:05:09,333: +PARAM [/rosdistro] by /roslaunch
[rosmaster.master][INFO] 2024-05-21 15:05:09,348: +SERVICE [/rosout/get_loggers] /rosout http://rosh-a515:34663/
[rosmaster.master][INFO] 2024-05-21 15:05:09,349: +SERVICE [/rosout/set_logger_level] /rosout http://rosh-a515:34663/
[rosmaster.master][INFO] 2024-05-21 15:05:09,350: +PUB [/rosout_agg] /rosout http://rosh-a515:34663/
[rosmaster.master][INFO] 2024-05-21 15:05:09,354: +SUB [/rosout] /rosout http://rosh-a515:34663/
[rosmaster.master][INFO] 2024-05-21 15:05:09,372: +PUB [/rosout] /cb_logger http://rosh-a515:41157/
[rosmaster.master][INFO] 2024-05-21 15:05:09,373: +SERVICE [/cb_logger/get_loggers] /cb_logger http://rosh-a515:41157/
[rosmaster.master][INFO] 2024-05-21 15:05:09,374: +SERVICE [/cb_logger/set_logger_level] /cb_logger http://rosh-a515:41157/
[rosmaster.master][INFO] 2024-05-21 15:05:09,375: +CACHEDPARAM [/rosout_disable_topics_generation] by /cb_logger
[rosmaster.master][INFO] 2024-05-21 15:05:09,384: +PUB [/rosout] /cb_logger2 http://rosh-a515:42283/
[rosmaster.master][INFO] 2024-05-21 15:05:09,385: +SERVICE [/cb_logger2/get_loggers] /cb_logger2 http://rosh-a515:42283/
[rosmaster.master][INFO] 2024-05-21 15:05:09,386: +SERVICE [/cb_logger2/set_logger_level] /cb_logger2 http://rosh-a515:42283/
[rosmaster.master][INFO] 2024-05-21 15:05:09,387: +CACHEDPARAM [/rosout_disable_topics_generation] by /cb_logger2
[rosmaster.master][INFO] 2024-05-21 15:05:09,447: publisherUpdate[/rosout] -> http://rosh-a515:34663/ ['http://rosh-a515:41157/']
[rosmaster.master][INFO] 2024-05-21 15:05:09,460: publisherUpdate[/rosout] -> http://rosh-a515:34663/ ['http://rosh-a515:41157/']: sec=0.01, result=[1, '', 0]
[rosmaster.master][INFO] 2024-05-21 15:05:09,460: publisherUpdate[/rosout] -> http://rosh-a515:34663/ ['http://rosh-a515:41157/', 'http://rosh-a515:42283/']
[rosmaster.master][INFO] 2024-05-21 15:05:09,464: publisherUpdate[/rosout] -> http://rosh-a515:34663/ ['http://rosh-a515:41157/', 'http://rosh-a515:42283/']: sec=0.00, result=[1, '', 0]
[rosmaster.master][INFO] 2024-05-21 15:05:11,056: +CACHEDPARAM [/rosout/omit_topics] by /rosout
