[rosmaster.main][INFO] 2024-05-21 16:33:51,942: initialization complete, waiting for shutdown
[rosmaster.main][INFO] 2024-05-21 16:33:51,942: Starting ROS Master Node
[xmlrpc][INFO] 2024-05-21 16:33:51,943: XML-RPC server binding to 0.0.0.0:11311
[xmlrpc][INFO] 2024-05-21 16:33:51,943: Started XML-RPC server [http://rosh-a515:11311/]
[xmlrpc][INFO] 2024-05-21 16:33:51,944: xml rpc node: starting XML-RPC server
[rosmaster.master][INFO] 2024-05-21 16:33:51,944: Master initialized: port[11311], uri[http://rosh-a515:11311/]
[rosmaster.master][INFO] 2024-05-21 16:33:51,961: +PARAM [/run_id] by /roslaunch
[rosmaster.master][INFO] 2024-05-21 16:33:51,962: +PARAM [/roslaunch/uris/host_rosh_a515__39553] by /roslaunch
[rosmaster.master][INFO] 2024-05-21 16:33:52,173: +PARAM [/rosversion] by /roslaunch
[rosmaster.master][INFO] 2024-05-21 16:33:52,173: +PARAM [/rosdistro] by /roslaunch
[rosmaster.master][INFO] 2024-05-21 16:33:52,187: +SERVICE [/rosout/get_loggers] /rosout http://rosh-a515:36119/
[rosmaster.master][INFO] 2024-05-21 16:33:52,188: +SERVICE [/rosout/set_logger_level] /rosout http://rosh-a515:36119/
[rosmaster.master][INFO] 2024-05-21 16:33:52,190: +PUB [/rosout_agg] /rosout http://rosh-a515:36119/
[rosmaster.master][INFO] 2024-05-21 16:33:52,192: +SUB [/rosout] /rosout http://rosh-a515:36119/
[rosmaster.master][INFO] 2024-05-21 16:33:52,212: +PUB [/rosout] /cb_logger http://rosh-a515:36807/
[rosmaster.master][INFO] 2024-05-21 16:33:52,212: +SERVICE [/cb_logger/get_loggers] /cb_logger http://rosh-a515:36807/
[rosmaster.master][INFO] 2024-05-21 16:33:52,213: +SERVICE [/cb_logger/set_logger_level] /cb_logger http://rosh-a515:36807/
[rosmaster.master][INFO] 2024-05-21 16:33:52,214: +CACHEDPARAM [/rosout_disable_topics_generation] by /cb_logger
[rosmaster.master][INFO] 2024-05-21 16:33:52,227: +PUB [/rosout] /cb_logger2 http://rosh-a515:42587/
[rosmaster.master][INFO] 2024-05-21 16:33:52,228: +SERVICE [/cb_logger2/get_loggers] /cb_logger2 http://rosh-a515:42587/
[rosmaster.master][INFO] 2024-05-21 16:33:52,228: +SERVICE [/cb_logger2/set_logger_level] /cb_logger2 http://rosh-a515:42587/
[rosmaster.master][INFO] 2024-05-21 16:33:52,230: +CACHEDPARAM [/rosout_disable_topics_generation] by /cb_logger2
[rosmaster.master][INFO] 2024-05-21 16:33:52,243: publisherUpdate[/rosout] -> http://rosh-a515:36119/ ['http://rosh-a515:36807/']
[rosmaster.master][INFO] 2024-05-21 16:33:52,258: publisherUpdate[/rosout] -> http://rosh-a515:36119/ ['http://rosh-a515:36807/']: sec=0.02, result=[1, '', 0]
[rosmaster.master][INFO] 2024-05-21 16:33:52,259: publisherUpdate[/rosout] -> http://rosh-a515:36119/ ['http://rosh-a515:36807/', 'http://rosh-a515:42587/']
[rosmaster.master][INFO] 2024-05-21 16:33:52,264: publisherUpdate[/rosout] -> http://rosh-a515:36119/ ['http://rosh-a515:36807/', 'http://rosh-a515:42587/']: sec=0.00, result=[1, '', 0]
[rosmaster.master][INFO] 2024-05-21 16:33:53,898: +CACHEDPARAM [/rosout/omit_topics] by /rosout
[rosmaster.master][INFO] 2024-05-21 16:33:54,475: -PUB [/rosout] /cb_logger http://rosh-a515:36807/
[rosmaster.master][INFO] 2024-05-21 16:33:54,476: -PUB [/rosout] /cb_logger2 http://rosh-a515:42587/
[rosmaster.master][INFO] 2024-05-21 16:33:54,477: -SERVICE [/cb_logger/get_loggers] /cb_logger rosrpc://rosh-a515:35939
[rosmaster.master][INFO] 2024-05-21 16:33:54,478: -SERVICE [/cb_logger2/get_loggers] /cb_logger2 rosrpc://rosh-a515:59395
[rosmaster.master][INFO] 2024-05-21 16:33:54,478: -SERVICE [/cb_logger/set_logger_level] /cb_logger rosrpc://rosh-a515:35939
[rosmaster.master][INFO] 2024-05-21 16:33:54,479: -SERVICE [/cb_logger2/set_logger_level] /cb_logger2 rosrpc://rosh-a515:59395
[rosmaster.master][INFO] 2024-05-21 16:33:54,480: -CACHEDPARAM [/rosout_disable_topics_generation] by /cb_logger
[rosmaster.master][INFO] 2024-05-21 16:33:54,480: -CACHEDPARAM [/rosout_disable_topics_generation] by /cb_logger2
[rosmaster.master][INFO] 2024-05-21 16:33:54,547: publisherUpdate[/rosout] -> http://rosh-a515:36119/ ['http://rosh-a515:42587/']
[rosmaster.master][INFO] 2024-05-21 16:33:54,552: publisherUpdate[/rosout] -> http://rosh-a515:36119/ ['http://rosh-a515:42587/']: sec=0.00, result=[1, '', 0]
[rosmaster.master][INFO] 2024-05-21 16:33:54,552: publisherUpdate[/rosout] -> http://rosh-a515:36119/ []
[rosmaster.master][INFO] 2024-05-21 16:33:54,553: publisherUpdate[/rosout] -> http://rosh-a515:36119/ []: sec=0.00, result=[1, '', 0]
[rosmaster.master][INFO] 2024-05-21 16:33:56,356: -PUB [/rosout_agg] /rosout http://rosh-a515:36119/
[rosmaster.master][INFO] 2024-05-21 16:33:56,357: -SUB [/rosout] /rosout http://rosh-a515:36119/
[rosmaster.master][INFO] 2024-05-21 16:33:56,357: -SERVICE [/rosout/get_loggers] /rosout rosrpc://rosh-a515:33543
[rosmaster.master][INFO] 2024-05-21 16:33:56,358: -SERVICE [/rosout/set_logger_level] /rosout rosrpc://rosh-a515:33543
[rosmaster.master][INFO] 2024-05-21 16:33:56,359: -CACHEDPARAM [/rosout/omit_topics] by /rosout
[rosmaster.main][INFO] 2024-05-21 16:33:56,448: keyboard interrupt, will exit
[rosmaster.main][INFO] 2024-05-21 16:33:56,449: stopping master...
[rospy.core][INFO] 2024-05-21 16:33:56,449: signal_shutdown [atexit]
