[rosmaster.main][INFO] 2024-05-21 16:12:41,183: initialization complete, waiting for shutdown
[rosmaster.main][INFO] 2024-05-21 16:12:41,183: Starting ROS Master Node
[xmlrpc][INFO] 2024-05-21 16:12:41,184: XML-RPC server binding to 0.0.0.0:11311
[xmlrpc][INFO] 2024-05-21 16:12:41,184: Started XML-RPC server [http://rosh-a515:11311/]
[rosmaster.master][INFO] 2024-05-21 16:12:41,184: Master initialized: port[11311], uri[http://rosh-a515:11311/]
[xmlrpc][INFO] 2024-05-21 16:12:41,185: xml rpc node: starting XML-RPC server
[rosmaster.master][INFO] 2024-05-21 16:12:41,278: +PARAM [/run_id] by /roslaunch
[rosmaster.master][INFO] 2024-05-21 16:12:41,280: +PARAM [/roslaunch/uris/host_rosh_a515__33337] by /roslaunch
[rosmaster.master][INFO] 2024-05-21 16:12:41,399: +PARAM [/rosversion] by /roslaunch
[rosmaster.master][INFO] 2024-05-21 16:12:41,400: +PARAM [/rosdistro] by /roslaunch
[rosmaster.master][INFO] 2024-05-21 16:12:41,411: +SERVICE [/rosout/get_loggers] /rosout http://rosh-a515:40935/
[rosmaster.master][INFO] 2024-05-21 16:12:41,412: +SERVICE [/rosout/set_logger_level] /rosout http://rosh-a515:40935/
[rosmaster.master][INFO] 2024-05-21 16:12:41,413: +PUB [/rosout_agg] /rosout http://rosh-a515:40935/
[rosmaster.master][INFO] 2024-05-21 16:12:41,415: +SUB [/rosout] /rosout http://rosh-a515:40935/
[rosmaster.master][INFO] 2024-05-21 16:12:41,424: +PUB [/rosout] /cb_logger http://rosh-a515:45991/
[rosmaster.master][INFO] 2024-05-21 16:12:41,425: +SERVICE [/cb_logger/get_loggers] /cb_logger http://rosh-a515:45991/
[rosmaster.master][INFO] 2024-05-21 16:12:41,426: +SERVICE [/cb_logger/set_logger_level] /cb_logger http://rosh-a515:45991/
[rosmaster.master][INFO] 2024-05-21 16:12:41,427: +CACHEDPARAM [/rosout_disable_topics_generation] by /cb_logger
[rosmaster.master][INFO] 2024-05-21 16:12:41,434: +PUB [/rosout] /cb_logger2 http://rosh-a515:38541/
[rosmaster.master][INFO] 2024-05-21 16:12:41,435: +SERVICE [/cb_logger2/get_loggers] /cb_logger2 http://rosh-a515:38541/
[rosmaster.master][INFO] 2024-05-21 16:12:41,435: +SERVICE [/cb_logger2/set_logger_level] /cb_logger2 http://rosh-a515:38541/
[rosmaster.master][INFO] 2024-05-21 16:12:41,436: +CACHEDPARAM [/rosout_disable_topics_generation] by /cb_logger2
[rosmaster.master][INFO] 2024-05-21 16:12:41,484: publisherUpdate[/rosout] -> http://rosh-a515:40935/ ['http://rosh-a515:45991/']
[rosmaster.master][INFO] 2024-05-21 16:12:41,496: publisherUpdate[/rosout] -> http://rosh-a515:40935/ ['http://rosh-a515:45991/']: sec=0.01, result=[1, '', 0]
[rosmaster.master][INFO] 2024-05-21 16:12:41,497: publisherUpdate[/rosout] -> http://rosh-a515:40935/ ['http://rosh-a515:45991/', 'http://rosh-a515:38541/']
[rosmaster.master][INFO] 2024-05-21 16:12:41,499: publisherUpdate[/rosout] -> http://rosh-a515:40935/ ['http://rosh-a515:45991/', 'http://rosh-a515:38541/']: sec=0.00, result=[1, '', 0]
[rosmaster.master][INFO] 2024-05-21 16:12:43,104: +CACHEDPARAM [/rosout/omit_topics] by /rosout
[rosmaster.master][INFO] 2024-05-21 16:12:47,825: -PUB [/rosout] /cb_logger http://rosh-a515:45991/
[rosmaster.master][INFO] 2024-05-21 16:12:47,826: -PUB [/rosout] /cb_logger2 http://rosh-a515:38541/
[rosmaster.master][INFO] 2024-05-21 16:12:47,828: -SERVICE [/cb_logger/get_loggers] /cb_logger rosrpc://rosh-a515:47981
[rosmaster.master][INFO] 2024-05-21 16:12:47,829: -SERVICE [/cb_logger2/get_loggers] /cb_logger2 rosrpc://rosh-a515:33415
[rosmaster.master][INFO] 2024-05-21 16:12:47,831: -SERVICE [/cb_logger/set_logger_level] /cb_logger rosrpc://rosh-a515:47981
[rosmaster.master][INFO] 2024-05-21 16:12:47,832: -SERVICE [/cb_logger2/set_logger_level] /cb_logger2 rosrpc://rosh-a515:33415
[rosmaster.master][INFO] 2024-05-21 16:12:47,833: -CACHEDPARAM [/rosout_disable_topics_generation] by /cb_logger
[rosmaster.master][INFO] 2024-05-21 16:12:47,835: -CACHEDPARAM [/rosout_disable_topics_generation] by /cb_logger2
[rosmaster.master][INFO] 2024-05-21 16:12:47,897: publisherUpdate[/rosout] -> http://rosh-a515:40935/ ['http://rosh-a515:38541/']
[rosmaster.master][INFO] 2024-05-21 16:12:47,904: publisherUpdate[/rosout] -> http://rosh-a515:40935/ ['http://rosh-a515:38541/']: sec=0.01, result=[1, '', 0]
[rosmaster.master][INFO] 2024-05-21 16:12:47,904: publisherUpdate[/rosout] -> http://rosh-a515:40935/ []
[rosmaster.master][INFO] 2024-05-21 16:12:47,906: publisherUpdate[/rosout] -> http://rosh-a515:40935/ []: sec=0.00, result=[1, '', 0]
[rosmaster.master][INFO] 2024-05-21 16:12:49,710: -PUB [/rosout_agg] /rosout http://rosh-a515:40935/
[rosmaster.master][INFO] 2024-05-21 16:12:49,710: -SUB [/rosout] /rosout http://rosh-a515:40935/
[rosmaster.master][INFO] 2024-05-21 16:12:49,711: -SERVICE [/rosout/get_loggers] /rosout rosrpc://rosh-a515:41853
[rosmaster.master][INFO] 2024-05-21 16:12:49,711: -SERVICE [/rosout/set_logger_level] /rosout rosrpc://rosh-a515:41853
[rosmaster.master][INFO] 2024-05-21 16:12:49,711: -CACHEDPARAM [/rosout/omit_topics] by /rosout
[rosmaster.main][INFO] 2024-05-21 16:12:49,790: keyboard interrupt, will exit
[rosmaster.main][INFO] 2024-05-21 16:12:49,790: stopping master...
[rospy.core][INFO] 2024-05-21 16:12:49,791: signal_shutdown [atexit]
