[rosmaster.main][INFO] 2024-05-21 16:31:07,164: initialization complete, waiting for shutdown
[rosmaster.main][INFO] 2024-05-21 16:31:07,165: Starting ROS Master Node
[xmlrpc][INFO] 2024-05-21 16:31:07,166: XML-RPC server binding to 0.0.0.0:11311
[xmlrpc][INFO] 2024-05-21 16:31:07,166: Started XML-RPC server [http://rosh-a515:11311/]
[rosmaster.master][INFO] 2024-05-21 16:31:07,166: Master initialized: port[11311], uri[http://rosh-a515:11311/]
[xmlrpc][INFO] 2024-05-21 16:31:07,166: xml rpc node: starting XML-RPC server
[rosmaster.master][INFO] 2024-05-21 16:31:07,175: +PARAM [/run_id] by /roslaunch
[rosmaster.master][INFO] 2024-05-21 16:31:07,176: +PARAM [/roslaunch/uris/host_rosh_a515__36143] by /roslaunch
[rosmaster.master][INFO] 2024-05-21 16:31:07,360: +PARAM [/rosversion] by /roslaunch
[rosmaster.master][INFO] 2024-05-21 16:31:07,360: +PARAM [/rosdistro] by /roslaunch
[rosmaster.master][INFO] 2024-05-21 16:31:07,376: +SERVICE [/rosout/get_loggers] /rosout http://rosh-a515:43435/
[rosmaster.master][INFO] 2024-05-21 16:31:07,377: +SERVICE [/rosout/set_logger_level] /rosout http://rosh-a515:43435/
[rosmaster.master][INFO] 2024-05-21 16:31:07,379: +PUB [/rosout_agg] /rosout http://rosh-a515:43435/
[rosmaster.master][INFO] 2024-05-21 16:31:07,383: +SUB [/rosout] /rosout http://rosh-a515:43435/
[rosmaster.master][INFO] 2024-05-21 16:31:07,398: +PUB [/rosout] /cb_logger http://rosh-a515:41629/
[rosmaster.master][INFO] 2024-05-21 16:31:07,399: +SERVICE [/cb_logger/get_loggers] /cb_logger http://rosh-a515:41629/
[rosmaster.master][INFO] 2024-05-21 16:31:07,399: +SERVICE [/cb_logger/set_logger_level] /cb_logger http://rosh-a515:41629/
[rosmaster.master][INFO] 2024-05-21 16:31:07,401: +CACHEDPARAM [/rosout_disable_topics_generation] by /cb_logger
[rosmaster.master][INFO] 2024-05-21 16:31:07,410: +PUB [/rosout] /cb_logger2 http://rosh-a515:43991/
[rosmaster.master][INFO] 2024-05-21 16:31:07,411: +SERVICE [/cb_logger2/get_loggers] /cb_logger2 http://rosh-a515:43991/
[rosmaster.master][INFO] 2024-05-21 16:31:07,412: +SERVICE [/cb_logger2/set_logger_level] /cb_logger2 http://rosh-a515:43991/
[rosmaster.master][INFO] 2024-05-21 16:31:07,414: +CACHEDPARAM [/rosout_disable_topics_generation] by /cb_logger2
[rosmaster.master][INFO] 2024-05-21 16:31:07,465: publisherUpdate[/rosout] -> http://rosh-a515:43435/ ['http://rosh-a515:41629/']
[rosmaster.master][INFO] 2024-05-21 16:31:07,478: publisherUpdate[/rosout] -> http://rosh-a515:43435/ ['http://rosh-a515:41629/']: sec=0.01, result=[1, '', 0]
[rosmaster.master][INFO] 2024-05-21 16:31:07,478: publisherUpdate[/rosout] -> http://rosh-a515:43435/ ['http://rosh-a515:41629/', 'http://rosh-a515:43991/']
[rosmaster.master][INFO] 2024-05-21 16:31:07,480: publisherUpdate[/rosout] -> http://rosh-a515:43435/ ['http://rosh-a515:41629/', 'http://rosh-a515:43991/']: sec=0.00, result=[1, '', 0]
[rosmaster.master][INFO] 2024-05-21 16:31:13,404: +CACHEDPARAM [/rosout/omit_topics] by /rosout
[rosmaster.master][INFO] 2024-05-21 16:31:17,004: -PUB [/rosout] /cb_logger http://rosh-a515:41629/
[rosmaster.master][INFO] 2024-05-21 16:31:17,005: -SERVICE [/cb_logger/get_loggers] /cb_logger rosrpc://rosh-a515:44859
[rosmaster.master][INFO] 2024-05-21 16:31:17,005: -SERVICE [/cb_logger/set_logger_level] /cb_logger rosrpc://rosh-a515:44859
[rosmaster.master][INFO] 2024-05-21 16:31:17,006: -CACHEDPARAM [/rosout_disable_topics_generation] by /cb_logger
[rosmaster.master][INFO] 2024-05-21 16:31:17,086: publisherUpdate[/rosout] -> http://rosh-a515:43435/ ['http://rosh-a515:43991/']
[rosmaster.master][INFO] 2024-05-21 16:31:17,093: publisherUpdate[/rosout] -> http://rosh-a515:43435/ ['http://rosh-a515:43991/']: sec=0.01, result=[1, '', 0]
[rosmaster.master][INFO] 2024-05-21 16:31:17,112: -PUB [/rosout] /cb_logger2 http://rosh-a515:43991/
[rosmaster.master][INFO] 2024-05-21 16:31:17,113: -SERVICE [/cb_logger2/get_loggers] /cb_logger2 rosrpc://rosh-a515:51903
[rosmaster.master][INFO] 2024-05-21 16:31:17,115: -SERVICE [/cb_logger2/set_logger_level] /cb_logger2 rosrpc://rosh-a515:51903
[rosmaster.master][INFO] 2024-05-21 16:31:17,116: -CACHEDPARAM [/rosout_disable_topics_generation] by /cb_logger2
[rosmaster.master][INFO] 2024-05-21 16:31:17,187: publisherUpdate[/rosout] -> http://rosh-a515:43435/ []
[rosmaster.master][INFO] 2024-05-21 16:31:17,194: publisherUpdate[/rosout] -> http://rosh-a515:43435/ []: sec=0.01, result=[1, '', 0]
[rosmaster.master][INFO] 2024-05-21 16:31:17,595: -PUB [/rosout_agg] /rosout http://rosh-a515:43435/
[rosmaster.master][INFO] 2024-05-21 16:31:17,596: -SUB [/rosout] /rosout http://rosh-a515:43435/
[rosmaster.master][INFO] 2024-05-21 16:31:17,597: -SERVICE [/rosout/get_loggers] /rosout rosrpc://rosh-a515:59725
[rosmaster.master][INFO] 2024-05-21 16:31:17,597: -SERVICE [/rosout/set_logger_level] /rosout rosrpc://rosh-a515:59725
[rosmaster.master][INFO] 2024-05-21 16:31:17,598: -CACHEDPARAM [/rosout/omit_topics] by /rosout
[rosmaster.main][INFO] 2024-05-21 16:31:17,686: keyboard interrupt, will exit
[rosmaster.main][INFO] 2024-05-21 16:31:17,686: stopping master...
[rospy.core][INFO] 2024-05-21 16:31:17,686: signal_shutdown [atexit]
