

1716301867.379160583  Node Startup
1716301873.403235349 DEBUG /cb_logger [/home/rosh/catkin_ws/src/auto-log-test/src/logging_test.cpp:15(run)] [topics: /rosout] 1
1716301873.403280379 INFO /cb_logger [/home/rosh/catkin_ws/src/auto-log-test/src/logging_test.cpp:16(run)] [topics: /rosout] 1
1716301873.403315802 WARN /cb_logger [/home/rosh/catkin_ws/src/auto-log-test/src/logging_test.cpp:17(run)] [topics: /rosout] 1
1716301873.403357547 ERROR /cb_logger [/home/rosh/catkin_ws/src/auto-log-test/src/logging_test.cpp:18(run)] [topics: /rosout] 1
1716301873.403399933 FATAL /cb_logger [/home/rosh/catkin_ws/src/auto-log-test/src/logging_test.cpp:19(run)] [topics: /rosout] 1
1716301874.081968015 DEBUG /cb_logger2 [/home/rosh/catkin_ws/src/auto-log-test/src/logging_test2.cpp:15(run)] [topics: /rosout] 3
1716301874.082048371 INFO /cb_logger2 [/home/rosh/catkin_ws/src/auto-log-test/src/logging_test2.cpp:16(run)] [topics: /rosout] 3
1716301874.082101959 WARN /cb_logger2 [/home/rosh/catkin_ws/src/auto-log-test/src/logging_test2.cpp:17(run)] [topics: /rosout] 3
1716301874.082151415 ERROR /cb_logger2 [/home/rosh/catkin_ws/src/auto-log-test/src/logging_test2.cpp:18(run)] [topics: /rosout] 3
1716301874.082201095 FATAL /cb_logger2 [/home/rosh/catkin_ws/src/auto-log-test/src/logging_test2.cpp:19(run)] [topics: /rosout] 3
1716301875.403514163 DEBUG /cb_logger [/home/rosh/catkin_ws/src/auto-log-test/src/logging_test.cpp:15(run)] [topics: /rosout] 1
1716301875.403573008 INFO /cb_logger [/home/rosh/catkin_ws/src/auto-log-test/src/logging_test.cpp:16(run)] [topics: /rosout] 1
1716301875.403605434 WARN /cb_logger [/home/rosh/catkin_ws/src/auto-log-test/src/logging_test.cpp:17(run)] [topics: /rosout] 1
1716301875.403634201 ERROR /cb_logger [/home/rosh/catkin_ws/src/auto-log-test/src/logging_test.cpp:18(run)] [topics: /rosout] 1
1716301875.403663142 FATAL /cb_logger [/home/rosh/catkin_ws/src/auto-log-test/src/logging_test.cpp:19(run)] [topics: /rosout] 1
1716301875.748797945 DEBUG /cb_logger2 [/home/rosh/catkin_ws/src/auto-log-test/src/logging_test2.cpp:15(run)] [topics: /rosout] 3
1716301875.748852724 INFO /cb_logger2 [/home/rosh/catkin_ws/src/auto-log-test/src/logging_test2.cpp:16(run)] [topics: /rosout] 3
1716301875.748882029 WARN /cb_logger2 [/home/rosh/catkin_ws/src/auto-log-test/src/logging_test2.cpp:17(run)] [topics: /rosout] 3
1716301875.748912391 ERROR /cb_logger2 [/home/rosh/catkin_ws/src/auto-log-test/src/logging_test2.cpp:18(run)] [topics: /rosout] 3
1716301875.748939557 FATAL /cb_logger2 [/home/rosh/catkin_ws/src/auto-log-test/src/logging_test2.cpp:19(run)] [topics: /rosout] 3
