[rosmaster.main][INFO] 2024-05-21 16:33:40,345: initialization complete, waiting for shutdown
[rosmaster.main][INFO] 2024-05-21 16:33:40,346: Starting ROS Master Node
[xmlrpc][INFO] 2024-05-21 16:33:40,347: XML-RPC server binding to 0.0.0.0:11311
[xmlrpc][INFO] 2024-05-21 16:33:40,347: Started XML-RPC server [http://rosh-a515:11311/]
[rosmaster.master][INFO] 2024-05-21 16:33:40,347: Master initialized: port[11311], uri[http://rosh-a515:11311/]
[xmlrpc][INFO] 2024-05-21 16:33:40,347: xml rpc node: starting XML-RPC server
[rosmaster.master][INFO] 2024-05-21 16:33:40,438: +PARAM [/run_id] by /roslaunch
[rosmaster.master][INFO] 2024-05-21 16:33:40,439: +PARAM [/roslaunch/uris/host_rosh_a515__39871] by /roslaunch
[rosmaster.master][INFO] 2024-05-21 16:33:40,660: +PARAM [/rosversion] by /roslaunch
[rosmaster.master][INFO] 2024-05-21 16:33:40,661: +PARAM [/rosdistro] by /roslaunch
[rosmaster.master][INFO] 2024-05-21 16:33:40,679: +SERVICE [/rosout/get_loggers] /rosout http://rosh-a515:35311/
[rosmaster.master][INFO] 2024-05-21 16:33:40,680: +SERVICE [/rosout/set_logger_level] /rosout http://rosh-a515:35311/
[rosmaster.master][INFO] 2024-05-21 16:33:40,682: +PUB [/rosout_agg] /rosout http://rosh-a515:35311/
[rosmaster.master][INFO] 2024-05-21 16:33:40,685: +SUB [/rosout] /rosout http://rosh-a515:35311/
[rosmaster.master][INFO] 2024-05-21 16:33:40,713: +PUB [/rosout] /cb_logger http://rosh-a515:34415/
[rosmaster.master][INFO] 2024-05-21 16:33:40,714: +SERVICE [/cb_logger/get_loggers] /cb_logger http://rosh-a515:34415/
[rosmaster.master][INFO] 2024-05-21 16:33:40,714: +SERVICE [/cb_logger/set_logger_level] /cb_logger http://rosh-a515:34415/
[rosmaster.master][INFO] 2024-05-21 16:33:40,716: +CACHEDPARAM [/rosout_disable_topics_generation] by /cb_logger
[rosmaster.master][INFO] 2024-05-21 16:33:40,729: +PUB [/rosout] /cb_logger2 http://rosh-a515:43043/
[rosmaster.master][INFO] 2024-05-21 16:33:40,730: +SERVICE [/cb_logger2/get_loggers] /cb_logger2 http://rosh-a515:43043/
[rosmaster.master][INFO] 2024-05-21 16:33:40,731: +SERVICE [/cb_logger2/set_logger_level] /cb_logger2 http://rosh-a515:43043/
[rosmaster.master][INFO] 2024-05-21 16:33:40,732: +CACHEDPARAM [/rosout_disable_topics_generation] by /cb_logger2
[rosmaster.master][INFO] 2024-05-21 16:33:40,750: publisherUpdate[/rosout] -> http://rosh-a515:35311/ ['http://rosh-a515:34415/']
[rosmaster.master][INFO] 2024-05-21 16:33:45,768: publisherUpdate[/rosout] -> http://rosh-a515:35311/ ['http://rosh-a515:34415/']: sec=5.02, result=[1, '', 0]
[rosmaster.master][INFO] 2024-05-21 16:33:45,769: publisherUpdate[/rosout] -> http://rosh-a515:35311/ ['http://rosh-a515:34415/', 'http://rosh-a515:43043/']
[rosmaster.master][INFO] 2024-05-21 16:33:45,773: publisherUpdate[/rosout] -> http://rosh-a515:35311/ ['http://rosh-a515:34415/', 'http://rosh-a515:43043/']: sec=0.00, result=[1, '', 0]
[rosmaster.master][INFO] 2024-05-21 16:33:46,718: +CACHEDPARAM [/rosout/omit_topics] by /rosout
[rosmaster.master][INFO] 2024-05-21 16:33:47,589: -PUB [/rosout] /cb_logger2 http://rosh-a515:43043/
[rosmaster.master][INFO] 2024-05-21 16:33:47,591: -PUB [/rosout] /cb_logger http://rosh-a515:34415/
[rosmaster.master][INFO] 2024-05-21 16:33:47,592: -SERVICE [/cb_logger2/get_loggers] /cb_logger2 rosrpc://rosh-a515:51343
[rosmaster.master][INFO] 2024-05-21 16:33:47,594: -SERVICE [/cb_logger/get_loggers] /cb_logger rosrpc://rosh-a515:38881
[rosmaster.master][INFO] 2024-05-21 16:33:47,595: -SERVICE [/cb_logger2/set_logger_level] /cb_logger2 rosrpc://rosh-a515:51343
[rosmaster.master][INFO] 2024-05-21 16:33:47,596: -SERVICE [/cb_logger/set_logger_level] /cb_logger rosrpc://rosh-a515:38881
[rosmaster.master][INFO] 2024-05-21 16:33:47,597: -CACHEDPARAM [/rosout_disable_topics_generation] by /cb_logger2
[rosmaster.master][INFO] 2024-05-21 16:33:47,598: -CACHEDPARAM [/rosout_disable_topics_generation] by /cb_logger
[rosmaster.master][INFO] 2024-05-21 16:33:47,664: publisherUpdate[/rosout] -> http://rosh-a515:35311/ ['http://rosh-a515:34415/']
[rosmaster.master][INFO] 2024-05-21 16:33:47,675: publisherUpdate[/rosout] -> http://rosh-a515:35311/ ['http://rosh-a515:34415/']: sec=0.01, result=[1, '', 0]
[rosmaster.master][INFO] 2024-05-21 16:33:47,676: publisherUpdate[/rosout] -> http://rosh-a515:35311/ []
[rosmaster.master][INFO] 2024-05-21 16:33:47,677: publisherUpdate[/rosout] -> http://rosh-a515:35311/ []: sec=0.00, result=[1, '', 0]
[rosmaster.master][INFO] 2024-05-21 16:33:49,381: -PUB [/rosout_agg] /rosout http://rosh-a515:35311/
[rosmaster.master][INFO] 2024-05-21 16:33:49,382: -SUB [/rosout] /rosout http://rosh-a515:35311/
[rosmaster.master][INFO] 2024-05-21 16:33:49,383: -SERVICE [/rosout/get_loggers] /rosout rosrpc://rosh-a515:60295
[rosmaster.master][INFO] 2024-05-21 16:33:49,384: -SERVICE [/rosout/set_logger_level] /rosout rosrpc://rosh-a515:60295
[rosmaster.master][INFO] 2024-05-21 16:33:49,384: -CACHEDPARAM [/rosout/omit_topics] by /rosout
[rosmaster.main][INFO] 2024-05-21 16:33:49,436: keyboard interrupt, will exit
[rosmaster.main][INFO] 2024-05-21 16:33:49,436: stopping master...
[rospy.core][INFO] 2024-05-21 16:33:49,436: signal_shutdown [atexit]
