[rosmaster.main][INFO] 2024-05-22 10:47:31,429: initialization complete, waiting for shutdown
[rosmaster.main][INFO] 2024-05-22 10:47:31,430: Starting ROS Master Node
[xmlrpc][INFO] 2024-05-22 10:47:31,431: XML-RPC server binding to 0.0.0.0:11311
[xmlrpc][INFO] 2024-05-22 10:47:31,432: Started XML-RPC server [http://rosh-a515:11311/]
[rosmaster.master][INFO] 2024-05-22 10:47:31,432: Master initialized: port[11311], uri[http://rosh-a515:11311/]
[xmlrpc][INFO] 2024-05-22 10:47:31,432: xml rpc node: starting XML-RPC server
[rosmaster.master][INFO] 2024-05-22 10:47:31,449: +PARAM [/run_id] by /roslaunch
[rosmaster.master][INFO] 2024-05-22 10:47:31,450: +PARAM [/roslaunch/uris/host_rosh_a515__38517] by /roslaunch
[rosmaster.master][INFO] 2024-05-22 10:47:31,557: +PARAM [/rosversion] by /roslaunch
[rosmaster.master][INFO] 2024-05-22 10:47:31,557: +PARAM [/rosdistro] by /roslaunch
[rosmaster.master][INFO] 2024-05-22 10:47:31,575: +SERVICE [/rosout/get_loggers] /rosout http://rosh-a515:35933/
[rosmaster.master][INFO] 2024-05-22 10:47:31,576: +SERVICE [/rosout/set_logger_level] /rosout http://rosh-a515:35933/
[rosmaster.master][INFO] 2024-05-22 10:47:31,577: +PUB [/rosout_agg] /rosout http://rosh-a515:35933/
[rosmaster.master][INFO] 2024-05-22 10:47:31,580: +SUB [/rosout] /rosout http://rosh-a515:35933/
[rosmaster.master][INFO] 2024-05-22 10:47:31,590: +PUB [/rosout] /cb_logger http://rosh-a515:46129/
[rosmaster.master][INFO] 2024-05-22 10:47:31,591: +SERVICE [/cb_logger/get_loggers] /cb_logger http://rosh-a515:46129/
[rosmaster.master][INFO] 2024-05-22 10:47:31,592: +SERVICE [/cb_logger/set_logger_level] /cb_logger http://rosh-a515:46129/
[rosmaster.master][INFO] 2024-05-22 10:47:31,593: +CACHEDPARAM [/rosout_disable_topics_generation] by /cb_logger
[rosmaster.master][INFO] 2024-05-22 10:47:31,602: +PUB [/rosout] /cb_logger2 http://rosh-a515:45729/
[rosmaster.master][INFO] 2024-05-22 10:47:31,603: +SERVICE [/cb_logger2/get_loggers] /cb_logger2 http://rosh-a515:45729/
[rosmaster.master][INFO] 2024-05-22 10:47:31,604: +SERVICE [/cb_logger2/set_logger_level] /cb_logger2 http://rosh-a515:45729/
[rosmaster.master][INFO] 2024-05-22 10:47:31,605: +CACHEDPARAM [/rosout_disable_topics_generation] by /cb_logger2
[rosmaster.master][INFO] 2024-05-22 10:47:31,631: publisherUpdate[/rosout] -> http://rosh-a515:35933/ ['http://rosh-a515:46129/']
[rosmaster.master][INFO] 2024-05-22 10:47:31,663: publisherUpdate[/rosout] -> http://rosh-a515:35933/ ['http://rosh-a515:46129/']: sec=0.03, result=[1, '', 0]
[rosmaster.master][INFO] 2024-05-22 10:47:31,663: publisherUpdate[/rosout] -> http://rosh-a515:35933/ ['http://rosh-a515:46129/', 'http://rosh-a515:45729/']
[rosmaster.master][INFO] 2024-05-22 10:47:31,668: publisherUpdate[/rosout] -> http://rosh-a515:35933/ ['http://rosh-a515:46129/', 'http://rosh-a515:45729/']: sec=0.01, result=[1, '', 0]
