[rosmaster.main][INFO] 2024-05-21 16:10:11,986: initialization complete, waiting for shutdown
[rosmaster.main][INFO] 2024-05-21 16:10:11,986: Starting ROS Master Node
[xmlrpc][INFO] 2024-05-21 16:10:12,000: XML-RPC server binding to 0.0.0.0:11311
[xmlrpc][INFO] 2024-05-21 16:10:12,000: Started XML-RPC server [http://rosh-a515:11311/]
[xmlrpc][INFO] 2024-05-21 16:10:12,000: xml rpc node: starting XML-RPC server
[rosmaster.master][INFO] 2024-05-21 16:10:12,000: Master initialized: port[11311], uri[http://rosh-a515:11311/]
[rosmaster.master][INFO] 2024-05-21 16:10:12,023: +PARAM [/run_id] by /roslaunch
[rosmaster.master][INFO] 2024-05-21 16:10:12,024: +PARAM [/roslaunch/uris/host_rosh_a515__46061] by /roslaunch
[rosmaster.master][INFO] 2024-05-21 16:10:12,114: +PARAM [/rosversion] by /roslaunch
[rosmaster.master][INFO] 2024-05-21 16:10:12,114: +PARAM [/rosdistro] by /roslaunch
[rosmaster.master][INFO] 2024-05-21 16:10:12,125: +SERVICE [/rosout/get_loggers] /rosout http://rosh-a515:38735/
[rosmaster.master][INFO] 2024-05-21 16:10:12,125: +SERVICE [/rosout/set_logger_level] /rosout http://rosh-a515:38735/
[rosmaster.master][INFO] 2024-05-21 16:10:12,126: +PUB [/rosout_agg] /rosout http://rosh-a515:38735/
[rosmaster.master][INFO] 2024-05-21 16:10:12,128: +SUB [/rosout] /rosout http://rosh-a515:38735/
[rosmaster.master][INFO] 2024-05-21 16:10:12,137: +PUB [/rosout] /cb_logger http://rosh-a515:41125/
[rosmaster.master][INFO] 2024-05-21 16:10:12,137: +SERVICE [/cb_logger/get_loggers] /cb_logger http://rosh-a515:41125/
[rosmaster.master][INFO] 2024-05-21 16:10:12,138: +SERVICE [/cb_logger/set_logger_level] /cb_logger http://rosh-a515:41125/
[rosmaster.master][INFO] 2024-05-21 16:10:12,139: +CACHEDPARAM [/rosout_disable_topics_generation] by /cb_logger
[rosmaster.master][INFO] 2024-05-21 16:10:12,145: +PUB [/rosout] /cb_logger2 http://rosh-a515:35693/
[rosmaster.master][INFO] 2024-05-21 16:10:12,145: +SERVICE [/cb_logger2/get_loggers] /cb_logger2 http://rosh-a515:35693/
[rosmaster.master][INFO] 2024-05-21 16:10:12,146: +SERVICE [/cb_logger2/set_logger_level] /cb_logger2 http://rosh-a515:35693/
[rosmaster.master][INFO] 2024-05-21 16:10:12,147: +CACHEDPARAM [/rosout_disable_topics_generation] by /cb_logger2
[rosmaster.master][INFO] 2024-05-21 16:10:12,187: publisherUpdate[/rosout] -> http://rosh-a515:38735/ ['http://rosh-a515:41125/']
[rosmaster.master][INFO] 2024-05-21 16:10:12,196: publisherUpdate[/rosout] -> http://rosh-a515:38735/ ['http://rosh-a515:41125/']: sec=0.01, result=[1, '', 0]
[rosmaster.master][INFO] 2024-05-21 16:10:12,197: publisherUpdate[/rosout] -> http://rosh-a515:38735/ ['http://rosh-a515:41125/', 'http://rosh-a515:35693/']
[rosmaster.master][INFO] 2024-05-21 16:10:12,202: publisherUpdate[/rosout] -> http://rosh-a515:38735/ ['http://rosh-a515:41125/', 'http://rosh-a515:35693/']: sec=0.01, result=[1, '', 0]
[rosmaster.master][INFO] 2024-05-21 16:10:13,815: +CACHEDPARAM [/rosout/omit_topics] by /rosout
