

1716302565.548187908  Node Startup
1716302567.252783182 DEBUG /cb_logger2 [/home/rosh/catkin_ws/src/auto-log-test/src/logging_test2.cpp:15(run)] [topics: /rosout] 3
1716302567.252815838 INFO /cb_logger2 [/home/rosh/catkin_ws/src/auto-log-test/src/logging_test2.cpp:16(run)] [topics: /rosout] 3
1716302567.252838092 WARN /cb_logger2 [/home/rosh/catkin_ws/src/auto-log-test/src/logging_test2.cpp:17(run)] [topics: /rosout] 3
1716302567.252863483 ERROR /cb_logger2 [/home/rosh/catkin_ws/src/auto-log-test/src/logging_test2.cpp:18(run)] [topics: /rosout] 3
1716302567.252887870 FATAL /cb_logger2 [/home/rosh/catkin_ws/src/auto-log-test/src/logging_test2.cpp:19(run)] [topics: /rosout] 3
1716302567.571148222 DEBUG /cb_logger [/home/rosh/catkin_ws/src/auto-log-test/src/logging_test.cpp:15(run)] [topics: /rosout] 1
1716302567.571184899 INFO /cb_logger [/home/rosh/catkin_ws/src/auto-log-test/src/logging_test.cpp:16(run)] [topics: /rosout] 1
1716302567.571211228 WARN /cb_logger [/home/rosh/catkin_ws/src/auto-log-test/src/logging_test.cpp:17(run)] [topics: /rosout] 1
1716302567.571235966 ERROR /cb_logger [/home/rosh/catkin_ws/src/auto-log-test/src/logging_test.cpp:18(run)] [topics: /rosout] 1
1716302567.571261419 FATAL /cb_logger [/home/rosh/catkin_ws/src/auto-log-test/src/logging_test.cpp:19(run)] [topics: /rosout] 1
1716302568.919440275 DEBUG /cb_logger2 [/home/rosh/catkin_ws/src/auto-log-test/src/logging_test2.cpp:15(run)] [topics: /rosout] 3
1716302568.919483804 INFO /cb_logger2 [/home/rosh/catkin_ws/src/auto-log-test/src/logging_test2.cpp:16(run)] [topics: /rosout] 3
1716302568.919514225 WARN /cb_logger2 [/home/rosh/catkin_ws/src/auto-log-test/src/logging_test2.cpp:17(run)] [topics: /rosout] 3
1716302568.919540594 ERROR /cb_logger2 [/home/rosh/catkin_ws/src/auto-log-test/src/logging_test2.cpp:18(run)] [topics: /rosout] 3
1716302568.919706858 FATAL /cb_logger2 [/home/rosh/catkin_ws/src/auto-log-test/src/logging_test2.cpp:19(run)] [topics: /rosout] 3
1716302569.571175843 DEBUG /cb_logger [/home/rosh/catkin_ws/src/auto-log-test/src/logging_test.cpp:15(run)] [topics: /rosout] 1
1716302569.571202285 INFO /cb_logger [/home/rosh/catkin_ws/src/auto-log-test/src/logging_test.cpp:16(run)] [topics: /rosout] 1
1716302569.571218187 WARN /cb_logger [/home/rosh/catkin_ws/src/auto-log-test/src/logging_test.cpp:17(run)] [topics: /rosout] 1
1716302569.571240337 ERROR /cb_logger [/home/rosh/catkin_ws/src/auto-log-test/src/logging_test.cpp:18(run)] [topics: /rosout] 1
1716302569.571263725 FATAL /cb_logger [/home/rosh/catkin_ws/src/auto-log-test/src/logging_test.cpp:19(run)] [topics: /rosout] 1
1716302570.586155110 DEBUG /cb_logger2 [/home/rosh/catkin_ws/src/auto-log-test/src/logging_test2.cpp:15(run)] [topics: /rosout] 3
1716302570.586188724 INFO /cb_logger2 [/home/rosh/catkin_ws/src/auto-log-test/src/logging_test2.cpp:16(run)] [topics: /rosout] 3
1716302570.586212809 WARN /cb_logger2 [/home/rosh/catkin_ws/src/auto-log-test/src/logging_test2.cpp:17(run)] [topics: /rosout] 3
1716302570.586246624 ERROR /cb_logger2 [/home/rosh/catkin_ws/src/auto-log-test/src/logging_test2.cpp:18(run)] [topics: /rosout] 3
1716302570.586272777 FATAL /cb_logger2 [/home/rosh/catkin_ws/src/auto-log-test/src/logging_test2.cpp:19(run)] [topics: /rosout] 3
1716302571.571165140 DEBUG /cb_logger [/home/rosh/catkin_ws/src/auto-log-test/src/logging_test.cpp:15(run)] [topics: /rosout] 1
1716302571.571216758 INFO /cb_logger [/home/rosh/catkin_ws/src/auto-log-test/src/logging_test.cpp:16(run)] [topics: /rosout] 1
1716302571.571247498 WARN /cb_logger [/home/rosh/catkin_ws/src/auto-log-test/src/logging_test.cpp:17(run)] [topics: /rosout] 1
1716302571.571274454 ERROR /cb_logger [/home/rosh/catkin_ws/src/auto-log-test/src/logging_test.cpp:18(run)] [topics: /rosout] 1
1716302571.571300224 FATAL /cb_logger [/home/rosh/catkin_ws/src/auto-log-test/src/logging_test.cpp:19(run)] [topics: /rosout] 1
1716302572.252789893 DEBUG /cb_logger2 [/home/rosh/catkin_ws/src/auto-log-test/src/logging_test2.cpp:15(run)] [topics: /rosout] 3
1716302572.252823991 INFO /cb_logger2 [/home/rosh/catkin_ws/src/auto-log-test/src/logging_test2.cpp:16(run)] [topics: /rosout] 3
1716302572.252848112 WARN /cb_logger2 [/home/rosh/catkin_ws/src/auto-log-test/src/logging_test2.cpp:17(run)] [topics: /rosout] 3
1716302572.252874468 ERROR /cb_logger2 [/home/rosh/catkin_ws/src/auto-log-test/src/logging_test2.cpp:18(run)] [topics: /rosout] 3
1716302572.252897595 FATAL /cb_logger2 [/home/rosh/catkin_ws/src/auto-log-test/src/logging_test2.cpp:19(run)] [topics: /rosout] 3
1716302573.571280492 DEBUG /cb_logger [/home/rosh/catkin_ws/src/auto-log-test/src/logging_test.cpp:15(run)] [topics: /rosout] 1
1716302573.571357488 INFO /cb_logger [/home/rosh/catkin_ws/src/auto-log-test/src/logging_test.cpp:16(run)] [topics: /rosout] 1
1716302573.571414318 WARN /cb_logger [/home/rosh/catkin_ws/src/auto-log-test/src/logging_test.cpp:17(run)] [topics: /rosout] 1
1716302573.571478301 ERROR /cb_logger [/home/rosh/catkin_ws/src/auto-log-test/src/logging_test.cpp:18(run)] [topics: /rosout] 1
1716302573.571539016 FATAL /cb_logger [/home/rosh/catkin_ws/src/auto-log-test/src/logging_test.cpp:19(run)] [topics: /rosout] 1
1716302573.919452872 DEBUG /cb_logger2 [/home/rosh/catkin_ws/src/auto-log-test/src/logging_test2.cpp:15(run)] [topics: /rosout] 3
1716302573.919486869 INFO /cb_logger2 [/home/rosh/catkin_ws/src/auto-log-test/src/logging_test2.cpp:16(run)] [topics: /rosout] 3
1716302573.919510911 WARN /cb_logger2 [/home/rosh/catkin_ws/src/auto-log-test/src/logging_test2.cpp:17(run)] [topics: /rosout] 3
1716302573.919537430 ERROR /cb_logger2 [/home/rosh/catkin_ws/src/auto-log-test/src/logging_test2.cpp:18(run)] [topics: /rosout] 3
1716302573.919560707 FATAL /cb_logger2 [/home/rosh/catkin_ws/src/auto-log-test/src/logging_test2.cpp:19(run)] [topics: /rosout] 3
1716302575.571413664 DEBUG /cb_logger [/home/rosh/catkin_ws/src/auto-log-test/src/logging_test.cpp:15(run)] [topics: /rosout] 1
1716302575.571477659 INFO /cb_logger [/home/rosh/catkin_ws/src/auto-log-test/src/logging_test.cpp:16(run)] [topics: /rosout] 1
1716302575.571526536 WARN /cb_logger [/home/rosh/catkin_ws/src/auto-log-test/src/logging_test.cpp:17(run)] [topics: /rosout] 1
1716302575.571570426 ERROR /cb_logger [/home/rosh/catkin_ws/src/auto-log-test/src/logging_test.cpp:18(run)] [topics: /rosout] 1
1716302575.571610340 FATAL /cb_logger [/home/rosh/catkin_ws/src/auto-log-test/src/logging_test.cpp:19(run)] [topics: /rosout] 1
1716302575.586194673 DEBUG /cb_logger2 [/home/rosh/catkin_ws/src/auto-log-test/src/logging_test2.cpp:15(run)] [topics: /rosout] 3
1716302575.586264523 INFO /cb_logger2 [/home/rosh/catkin_ws/src/auto-log-test/src/logging_test2.cpp:16(run)] [topics: /rosout] 3
1716302575.586325387 WARN /cb_logger2 [/home/rosh/catkin_ws/src/auto-log-test/src/logging_test2.cpp:17(run)] [topics: /rosout] 3
1716302575.586379166 ERROR /cb_logger2 [/home/rosh/catkin_ws/src/auto-log-test/src/logging_test2.cpp:18(run)] [topics: /rosout] 3
1716302575.586434020 FATAL /cb_logger2 [/home/rosh/catkin_ws/src/auto-log-test/src/logging_test2.cpp:19(run)] [topics: /rosout] 3
1716302577.252872924 DEBUG /cb_logger2 [/home/rosh/catkin_ws/src/auto-log-test/src/logging_test2.cpp:15(run)] [topics: /rosout] 3
1716302577.252942820 INFO /cb_logger2 [/home/rosh/catkin_ws/src/auto-log-test/src/logging_test2.cpp:16(run)] [topics: /rosout] 3
1716302577.253002544 WARN /cb_logger2 [/home/rosh/catkin_ws/src/auto-log-test/src/logging_test2.cpp:17(run)] [topics: /rosout] 3
1716302577.253054711 ERROR /cb_logger2 [/home/rosh/catkin_ws/src/auto-log-test/src/logging_test2.cpp:18(run)] [topics: /rosout] 3
1716302577.253133503 FATAL /cb_logger2 [/home/rosh/catkin_ws/src/auto-log-test/src/logging_test2.cpp:19(run)] [topics: /rosout] 3
1716302577.571274672 DEBUG /cb_logger [/home/rosh/catkin_ws/src/auto-log-test/src/logging_test.cpp:15(run)] [topics: /rosout] 1
1716302577.571345488 INFO /cb_logger [/home/rosh/catkin_ws/src/auto-log-test/src/logging_test.cpp:16(run)] [topics: /rosout] 1
1716302577.571395113 WARN /cb_logger [/home/rosh/catkin_ws/src/auto-log-test/src/logging_test.cpp:17(run)] [topics: /rosout] 1
1716302577.571443413 ERROR /cb_logger [/home/rosh/catkin_ws/src/auto-log-test/src/logging_test.cpp:18(run)] [topics: /rosout] 1
1716302577.571489321 FATAL /cb_logger [/home/rosh/catkin_ws/src/auto-log-test/src/logging_test.cpp:19(run)] [topics: /rosout] 1
1716302578.919514348 DEBUG /cb_logger2 [/home/rosh/catkin_ws/src/auto-log-test/src/logging_test2.cpp:15(run)] [topics: /rosout] 3
1716302578.919581517 INFO /cb_logger2 [/home/rosh/catkin_ws/src/auto-log-test/src/logging_test2.cpp:16(run)] [topics: /rosout] 3
1716302578.919636306 WARN /cb_logger2 [/home/rosh/catkin_ws/src/auto-log-test/src/logging_test2.cpp:17(run)] [topics: /rosout] 3
1716302578.919684163 ERROR /cb_logger2 [/home/rosh/catkin_ws/src/auto-log-test/src/logging_test2.cpp:18(run)] [topics: /rosout] 3
1716302578.919738193 FATAL /cb_logger2 [/home/rosh/catkin_ws/src/auto-log-test/src/logging_test2.cpp:19(run)] [topics: /rosout] 3
1716302579.571279641 DEBUG /cb_logger [/home/rosh/catkin_ws/src/auto-log-test/src/logging_test.cpp:15(run)] [topics: /rosout] 1
1716302579.571345147 INFO /cb_logger [/home/rosh/catkin_ws/src/auto-log-test/src/logging_test.cpp:16(run)] [topics: /rosout] 1
1716302579.571403398 WARN /cb_logger [/home/rosh/catkin_ws/src/auto-log-test/src/logging_test.cpp:17(run)] [topics: /rosout] 1
1716302579.571459292 ERROR /cb_logger [/home/rosh/catkin_ws/src/auto-log-test/src/logging_test.cpp:18(run)] [topics: /rosout] 1
1716302579.571506887 FATAL /cb_logger [/home/rosh/catkin_ws/src/auto-log-test/src/logging_test.cpp:19(run)] [topics: /rosout] 1
