

1716300718.664009552  Node Startup
1716300720.351283183 DEBUG /cb_logger2 [/home/rosh/catkin_ws/src/auto-log-test/src/logging_test2.cpp:15(run)] [topics: /rosout] 3
1716300720.351300919 INFO /cb_logger2 [/home/rosh/catkin_ws/src/auto-log-test/src/logging_test2.cpp:16(run)] [topics: /rosout] 3
1716300720.351308106 WARN /cb_logger2 [/home/rosh/catkin_ws/src/auto-log-test/src/logging_test2.cpp:17(run)] [topics: /rosout] 3
1716300720.351314598 ERROR /cb_logger2 [/home/rosh/catkin_ws/src/auto-log-test/src/logging_test2.cpp:18(run)] [topics: /rosout] 3
1716300720.351322874 FATAL /cb_logger2 [/home/rosh/catkin_ws/src/auto-log-test/src/logging_test2.cpp:19(run)] [topics: /rosout] 3
1716300720.677506915 DEBUG /cb_logger [/home/rosh/catkin_ws/src/auto-log-test/src/logging_test.cpp:15(run)] [topics: /rosout] 1
1716300720.677521261 INFO /cb_logger [/home/rosh/catkin_ws/src/auto-log-test/src/logging_test.cpp:16(run)] [topics: /rosout] 1
1716300720.677528779 WARN /cb_logger [/home/rosh/catkin_ws/src/auto-log-test/src/logging_test.cpp:17(run)] [topics: /rosout] 1
1716300720.677535231 ERROR /cb_logger [/home/rosh/catkin_ws/src/auto-log-test/src/logging_test.cpp:18(run)] [topics: /rosout] 1
1716300720.677543756 FATAL /cb_logger [/home/rosh/catkin_ws/src/auto-log-test/src/logging_test.cpp:19(run)] [topics: /rosout] 1
1716300722.017991520 DEBUG /cb_logger2 [/home/rosh/catkin_ws/src/auto-log-test/src/logging_test2.cpp:15(run)] [topics: /rosout] 3
1716300722.018021770 INFO /cb_logger2 [/home/rosh/catkin_ws/src/auto-log-test/src/logging_test2.cpp:16(run)] [topics: /rosout] 3
1716300722.018030669 WARN /cb_logger2 [/home/rosh/catkin_ws/src/auto-log-test/src/logging_test2.cpp:17(run)] [topics: /rosout] 3
1716300722.018037478 ERROR /cb_logger2 [/home/rosh/catkin_ws/src/auto-log-test/src/logging_test2.cpp:18(run)] [topics: /rosout] 3
1716300722.018047748 FATAL /cb_logger2 [/home/rosh/catkin_ws/src/auto-log-test/src/logging_test2.cpp:19(run)] [topics: /rosout] 3
1716300722.677545115 DEBUG /cb_logger [/home/rosh/catkin_ws/src/auto-log-test/src/logging_test.cpp:15(run)] [topics: /rosout] 1
1716300722.677597089 INFO /cb_logger [/home/rosh/catkin_ws/src/auto-log-test/src/logging_test.cpp:16(run)] [topics: /rosout] 1
1716300722.677623808 WARN /cb_logger [/home/rosh/catkin_ws/src/auto-log-test/src/logging_test.cpp:17(run)] [topics: /rosout] 1
1716300722.677647032 ERROR /cb_logger [/home/rosh/catkin_ws/src/auto-log-test/src/logging_test.cpp:18(run)] [topics: /rosout] 1
1716300722.677670235 FATAL /cb_logger [/home/rosh/catkin_ws/src/auto-log-test/src/logging_test.cpp:19(run)] [topics: /rosout] 1
1716300723.684600078 DEBUG /cb_logger2 [/home/rosh/catkin_ws/src/auto-log-test/src/logging_test2.cpp:15(run)] [topics: /rosout] 3
1716300723.684626220 INFO /cb_logger2 [/home/rosh/catkin_ws/src/auto-log-test/src/logging_test2.cpp:16(run)] [topics: /rosout] 3
1716300723.684640517 WARN /cb_logger2 [/home/rosh/catkin_ws/src/auto-log-test/src/logging_test2.cpp:17(run)] [topics: /rosout] 3
1716300723.684651466 ERROR /cb_logger2 [/home/rosh/catkin_ws/src/auto-log-test/src/logging_test2.cpp:18(run)] [topics: /rosout] 3
1716300723.684662841 FATAL /cb_logger2 [/home/rosh/catkin_ws/src/auto-log-test/src/logging_test2.cpp:19(run)] [topics: /rosout] 3
1716300724.677570701 DEBUG /cb_logger [/home/rosh/catkin_ws/src/auto-log-test/src/logging_test.cpp:15(run)] [topics: /rosout] 1
1716300724.677628772 INFO /cb_logger [/home/rosh/catkin_ws/src/auto-log-test/src/logging_test.cpp:16(run)] [topics: /rosout] 1
1716300724.677658122 WARN /cb_logger [/home/rosh/catkin_ws/src/auto-log-test/src/logging_test.cpp:17(run)] [topics: /rosout] 1
1716300724.677686306 ERROR /cb_logger [/home/rosh/catkin_ws/src/auto-log-test/src/logging_test.cpp:18(run)] [topics: /rosout] 1
1716300724.677716407 FATAL /cb_logger [/home/rosh/catkin_ws/src/auto-log-test/src/logging_test.cpp:19(run)] [topics: /rosout] 1
1716300725.351621504 DEBUG /cb_logger2 [/home/rosh/catkin_ws/src/auto-log-test/src/logging_test2.cpp:15(run)] [topics: /rosout] 3
1716300725.351682453 INFO /cb_logger2 [/home/rosh/catkin_ws/src/auto-log-test/src/logging_test2.cpp:16(run)] [topics: /rosout] 3
1716300725.351737814 WARN /cb_logger2 [/home/rosh/catkin_ws/src/auto-log-test/src/logging_test2.cpp:17(run)] [topics: /rosout] 3
1716300725.351782740 ERROR /cb_logger2 [/home/rosh/catkin_ws/src/auto-log-test/src/logging_test2.cpp:18(run)] [topics: /rosout] 3
1716300725.351839553 FATAL /cb_logger2 [/home/rosh/catkin_ws/src/auto-log-test/src/logging_test2.cpp:19(run)] [topics: /rosout] 3
1716300726.677651336 DEBUG /cb_logger [/home/rosh/catkin_ws/src/auto-log-test/src/logging_test.cpp:15(run)] [topics: /rosout] 1
1716300726.677715687 INFO /cb_logger [/home/rosh/catkin_ws/src/auto-log-test/src/logging_test.cpp:16(run)] [topics: /rosout] 1
1716300726.677775448 WARN /cb_logger [/home/rosh/catkin_ws/src/auto-log-test/src/logging_test.cpp:17(run)] [topics: /rosout] 1
1716300726.677842647 ERROR /cb_logger [/home/rosh/catkin_ws/src/auto-log-test/src/logging_test.cpp:18(run)] [topics: /rosout] 1
1716300726.677898009 FATAL /cb_logger [/home/rosh/catkin_ws/src/auto-log-test/src/logging_test.cpp:19(run)] [topics: /rosout] 1
1716300727.018092741 DEBUG /cb_logger2 [/home/rosh/catkin_ws/src/auto-log-test/src/logging_test2.cpp:15(run)] [topics: /rosout] 3
1716300727.018163092 INFO /cb_logger2 [/home/rosh/catkin_ws/src/auto-log-test/src/logging_test2.cpp:16(run)] [topics: /rosout] 3
1716300727.018201813 WARN /cb_logger2 [/home/rosh/catkin_ws/src/auto-log-test/src/logging_test2.cpp:17(run)] [topics: /rosout] 3
1716300727.018238496 ERROR /cb_logger2 [/home/rosh/catkin_ws/src/auto-log-test/src/logging_test2.cpp:18(run)] [topics: /rosout] 3
1716300727.018274568 FATAL /cb_logger2 [/home/rosh/catkin_ws/src/auto-log-test/src/logging_test2.cpp:19(run)] [topics: /rosout] 3
